iTalkYouApp/manifest-merger-release-report.txt
-- Merging decision tree log ---
manifest
ADDED from AndroidManifest.xml:2:1
	package
		ADDED from AndroidManifest.xml:3:11
		INJECTED from AndroidManifest.xml:0:0
		INJECTED from AndroidManifest.xml:0:0
	android:versionName
		ADDED from AndroidManifest.xml:5:11
	android:versionCode
		ADDED from AndroidManifest.xml:4:11
		INJECTED from AndroidManifest.xml:0:0
		INJECTED from AndroidManifest.xml:0:0
	xmlns:android
		ADDED from AndroidManifest.xml:2:11
uses-sdk
ADDED from AndroidManifest.xml:7:5
MERGED from iTalkYouApp:crouton:unspecified:23:5
MERGED from iTalkYouApp:viewPagerIndicator:unspecified:7:5
MERGED from com.android.support:appcompat-v7:19.1.0:18:5
	android:targetSdkVersion
		ADDED from AndroidManifest.xml:8:15
		INJECTED from AndroidManifest.xml:0:0
		INJECTED from AndroidManifest.xml:0:0
	android:minSdkVersion
		ADDED from AndroidManifest.xml:7:15
		INJECTED from AndroidManifest.xml:0:0
		INJECTED from AndroidManifest.xml:0:0
uses-permission#android.permission.ACCESS_COARSE_LOCATION
ADDED from AndroidManifest.xml:10:5
	android:name
		ADDED from AndroidManifest.xml:10:22
uses-permission#android.permission.ACCESS_FINE_LOCATION
ADDED from AndroidManifest.xml:11:5
	android:name
		ADDED from AndroidManifest.xml:11:22
uses-permission#android.permission.ACCESS_NETWORK_STATE
ADDED from AndroidManifest.xml:12:5
	android:name
		ADDED from AndroidManifest.xml:12:22
uses-permission#android.permission.ACCESS_WIFI_STATE
ADDED from AndroidManifest.xml:13:5
	android:name
		ADDED from AndroidManifest.xml:13:22
uses-permission#android.permission.INTERNET
ADDED from AndroidManifest.xml:14:5
	android:name
		ADDED from AndroidManifest.xml:14:22
uses-permission#android.permission.CHANGE_WIFI_MULTICAST_STATE
ADDED from AndroidManifest.xml:15:5
	android:name
		ADDED from AndroidManifest.xml:15:22
uses-permission#android.permission.WRITE_EXTERNAL_STORAGE
ADDED from AndroidManifest.xml:16:5
	android:name
		ADDED from AndroidManifest.xml:16:22
uses-permission#android.permission.RECEIVE_BOOT_COMPLETED
ADDED from AndroidManifest.xml:17:5
	android:name
		ADDED from AndroidManifest.xml:17:22
uses-permission#android.permission.BATTERY_STATS
ADDED from AndroidManifest.xml:18:5
	android:name
		ADDED from AndroidManifest.xml:18:22
uses-permission#android.permission.USE_SIP
ADDED from AndroidManifest.xml:19:5
	android:name
		ADDED from AndroidManifest.xml:19:22
uses-permission#android.permission.CONFIGURE_SIP
ADDED from AndroidManifest.xml:20:5
	android:name
		ADDED from AndroidManifest.xml:20:22
uses-permission#android.permission.BROADCAST_STICKY
ADDED from AndroidManifest.xml:21:5
	android:name
		ADDED from AndroidManifest.xml:21:22
uses-permission#android.permission.READ_PHONE_STATE
ADDED from AndroidManifest.xml:22:5
	android:name
		ADDED from AndroidManifest.xml:22:22
uses-permission#android.permission.MANAGE_ACCOUNTS
ADDED from AndroidManifest.xml:23:5
	android:name
		ADDED from AndroidManifest.xml:23:22
uses-permission#android.permission.VIBRATE
ADDED from AndroidManifest.xml:24:5
	android:name
		ADDED from AndroidManifest.xml:24:22
uses-permission#android.permission.CHANGE_CONFIGURATION
ADDED from AndroidManifest.xml:25:5
	android:name
		ADDED from AndroidManifest.xml:25:22
uses-permission#android.permission.CAMERA
ADDED from AndroidManifest.xml:26:5
	android:name
		ADDED from AndroidManifest.xml:26:22
uses-permission#android.permission.READ_CONTACTS
ADDED from AndroidManifest.xml:27:5
	android:name
		ADDED from AndroidManifest.xml:27:22
uses-permission#android.permission.RECORD_AUDIO
ADDED from AndroidManifest.xml:28:5
	android:name
		ADDED from AndroidManifest.xml:28:22
uses-permission#android.permission.SYSTEM_ALERT_WINDOW
ADDED from AndroidManifest.xml:29:5
	android:name
		ADDED from AndroidManifest.xml:29:22
uses-permission#android.permission.WAKE_LOCK
ADDED from AndroidManifest.xml:30:5
	android:name
		ADDED from AndroidManifest.xml:30:22
uses-permission#android.permission.MODIFY_AUDIO_SETTINGS
ADDED from AndroidManifest.xml:31:5
	android:name
		ADDED from AndroidManifest.xml:31:22
uses-permission#android.permission.WRITE_SETTINGS
ADDED from AndroidManifest.xml:32:5
	android:name
		ADDED from AndroidManifest.xml:32:22
uses-permission#android.permission.DISABLE_KEYGUARD
ADDED from AndroidManifest.xml:33:5
	android:name
		ADDED from AndroidManifest.xml:33:22
uses-permission#android.permission.WRITE_CONTACTS
ADDED from AndroidManifest.xml:34:5
	android:name
		ADDED from AndroidManifest.xml:34:22
uses-permission#android.permission.PROCESS_OUTGOING_CALLS
ADDED from AndroidManifest.xml:36:5
	android:name
		ADDED from AndroidManifest.xml:36:22
uses-permission#android.permission.CALL_PHONE
ADDED from AndroidManifest.xml:37:5
	android:name
		ADDED from AndroidManifest.xml:37:22
uses-permission#android.permission.RAISED_THREAD_PRIORITY
ADDED from AndroidManifest.xml:38:5
	android:name
		ADDED from AndroidManifest.xml:38:22
uses-permission#android.permission.AUTHENTICATE_ACCOUNTS
ADDED from AndroidManifest.xml:39:5
	android:name
		ADDED from AndroidManifest.xml:39:22
uses-permission#android.permission.CAPTURE_AUDIO_OUTPUT
ADDED from AndroidManifest.xml:40:5
	android:name
		ADDED from AndroidManifest.xml:40:22
uses-feature#android.hardware.sip.voip
ADDED from AndroidManifest.xml:42:5
	android:required
		ADDED from AndroidManifest.xml:42:60
	android:name
		ADDED from AndroidManifest.xml:42:19
uses-feature#android.hardware.wifi
ADDED from AndroidManifest.xml:43:4
	android:required
		ADDED from AndroidManifest.xml:43:55
	android:name
		ADDED from AndroidManifest.xml:43:18
uses-feature#android.hardware.microphone
ADDED from AndroidManifest.xml:44:4
	android:required
		ADDED from AndroidManifest.xml:44:61
	android:name
		ADDED from AndroidManifest.xml:44:18
uses-permission#android.permission.USE_CREDENTIALS
ADDED from AndroidManifest.xml:48:5
	android:name
		ADDED from AndroidManifest.xml:48:22
uses-permission#android.permission.GET_ACCOUNTS
ADDED from AndroidManifest.xml:49:5
	android:name
		ADDED from AndroidManifest.xml:49:22
uses-permission#com.google.android.c2dm.permission.RECEIVE
ADDED from AndroidManifest.xml:53:5
	android:name
		ADDED from AndroidManifest.xml:53:22
permission#com.italkyou.gui.permission.C2D_MESSAGE
ADDED from AndroidManifest.xml:55:5
	android:protectionLevel
		ADDED from AndroidManifest.xml:56:17
	android:name
		ADDED from AndroidManifest.xml:55:17
uses-permission#com.italkyou.gui.permission.C2D_MESSAGE
ADDED from AndroidManifest.xml:58:5
	android:name
		ADDED from AndroidManifest.xml:58:22
uses-feature#android.hardware.camera
ADDED from AndroidManifest.xml:60:5
	android:required
		ADDED from AndroidManifest.xml:61:19
	android:name
		ADDED from AndroidManifest.xml:60:19
uses-feature#android.hardware.camera.autofocus
ADDED from AndroidManifest.xml:63:5
	android:required
		ADDED from AndroidManifest.xml:64:19
	android:name
		ADDED from AndroidManifest.xml:63:19
uses-feature#android.hardware.camera.flash
ADDED from AndroidManifest.xml:66:5
	android:required
		ADDED from AndroidManifest.xml:67:19
	android:name
		ADDED from AndroidManifest.xml:66:19
uses-feature#android.hardware.telephony
ADDED from AndroidManifest.xml:69:5
	android:required
		ADDED from AndroidManifest.xml:70:19
	android:name
		ADDED from AndroidManifest.xml:69:19
application
ADDED from AndroidManifest.xml:72:5
MERGED from com.android.support:appcompat-v7:19.1.0:19:5
	android:label
		ADDED from AndroidManifest.xml:77:9
	android:allowClearUserData
		ADDED from AndroidManifest.xml:75:9
	android:allowBackup
		ADDED from AndroidManifest.xml:74:9
	android:icon
		ADDED from AndroidManifest.xml:76:9
	android:theme
		ADDED from AndroidManifest.xml:78:9
	android:name
		ADDED from AndroidManifest.xml:73:9
activity#com.italkyou.gui.inicio.Presentacion
ADDED from AndroidManifest.xml:80:9
	android:screenOrientation
		ADDED from AndroidManifest.xml:84:13
	android:label
		ADDED from AndroidManifest.xml:83:13
	android:configChanges
		ADDED from AndroidManifest.xml:82:13
	android:theme
		ADDED from AndroidManifest.xml:85:13
	android:name
		ADDED from AndroidManifest.xml:81:13
intent-filter#android.intent.action.MAIN+android.intent.category.LAUNCHER
ADDED from AndroidManifest.xml:86:13
action#android.intent.action.MAIN
ADDED from AndroidManifest.xml:87:17
	android:name
		ADDED from AndroidManifest.xml:87:25
category#android.intent.category.LAUNCHER
ADDED from AndroidManifest.xml:88:17
	android:name
		ADDED from AndroidManifest.xml:88:27
activity#com.italkyou.gui.inicio.InicioSesion
ADDED from AndroidManifest.xml:92:9
	android:screenOrientation
		ADDED from AndroidManifest.xml:95:13
	android:windowSoftInputMode
		ADDED from AndroidManifest.xml:96:13
	android:configChanges
		ADDED from AndroidManifest.xml:94:13
	android:name
		ADDED from AndroidManifest.xml:93:13
activity#com.italkyou.gui.inicio.RegistroActivity
ADDED from AndroidManifest.xml:98:9
	android:screenOrientation
		ADDED from AndroidManifest.xml:101:13
	android:windowSoftInputMode
		ADDED from AndroidManifest.xml:102:13
	android:configChanges
		ADDED from AndroidManifest.xml:100:13
	android:name
		ADDED from AndroidManifest.xml:99:13
activity#com.italkyou.gui.inicio.ValidarPin
ADDED from AndroidManifest.xml:104:9
	android:screenOrientation
		ADDED from AndroidManifest.xml:106:13
	android:configChanges
		ADDED from AndroidManifest.xml:107:13
	android:name
		ADDED from AndroidManifest.xml:105:13
activity#com.italkyou.gui.menu.PerfilUsuarioActivity
ADDED from AndroidManifest.xml:109:9
	android:screenOrientation
		ADDED from AndroidManifest.xml:112:13
	android:windowSoftInputMode
		ADDED from AndroidManifest.xml:113:13
	android:configChanges
		ADDED from AndroidManifest.xml:111:13
	android:name
		ADDED from AndroidManifest.xml:110:13
activity#com.italkyou.gui.contactos.ContactoActivity
ADDED from AndroidManifest.xml:115:9
	android:screenOrientation
		ADDED from AndroidManifest.xml:117:13
	android:configChanges
		ADDED from AndroidManifest.xml:118:13
	android:name
		ADDED from AndroidManifest.xml:116:13
activity#com.italkyou.gui.contactos.ContactoItalkYouActivity
ADDED from AndroidManifest.xml:120:9
	android:screenOrientation
		ADDED from AndroidManifest.xml:123:13
	android:windowSoftInputMode
		ADDED from AndroidManifest.xml:124:13
	android:configChanges
		ADDED from AndroidManifest.xml:122:13
	android:name
		ADDED from AndroidManifest.xml:121:13
activity#com.italkyou.gui.llamada.CallActivity
ADDED from AndroidManifest.xml:127:9
	android:screenOrientation
		ADDED from AndroidManifest.xml:128:19
	android:name
		ADDED from AndroidManifest.xml:127:19
activity#com.italkyou.gui.llamada.IncomingCallActivity
ADDED from AndroidManifest.xml:130:9
	android:screenOrientation
		ADDED from AndroidManifest.xml:131:19
	android:name
		ADDED from AndroidManifest.xml:130:19
activity#com.italkyou.gui.menu.SaldoActivity
ADDED from AndroidManifest.xml:133:9
	android:screenOrientation
		ADDED from AndroidManifest.xml:134:19
	android:name
		ADDED from AndroidManifest.xml:133:19
service#com.italkyou.servicio.ItalkYouService
ADDED from AndroidManifest.xml:137:9
	android:enabled
		ADDED from AndroidManifest.xml:139:13
	android:label
		ADDED from AndroidManifest.xml:140:13
	android:name
		ADDED from AndroidManifest.xml:138:13
service#com.paypal.android.sdk.payments.PayPalService
ADDED from AndroidManifest.xml:154:9
	android:exported
		ADDED from AndroidManifest.xml:156:13
	android:name
		ADDED from AndroidManifest.xml:155:13
activity#com.paypal.android.sdk.payments.PaymentActivity
ADDED from AndroidManifest.xml:158:9
	android:name
		ADDED from AndroidManifest.xml:158:19
activity#com.paypal.android.sdk.payments.LoginActivity
ADDED from AndroidManifest.xml:159:9
	android:name
		ADDED from AndroidManifest.xml:159:19
activity#com.paypal.android.sdk.payments.PaymentMethodActivity
ADDED from AndroidManifest.xml:160:9
	android:name
		ADDED from AndroidManifest.xml:160:19
activity#com.paypal.android.sdk.payments.PaymentConfirmActivity
ADDED from AndroidManifest.xml:161:9
	android:name
		ADDED from AndroidManifest.xml:161:19
activity#com.paypal.android.sdk.payments.PaymentCompletedActivity
ADDED from AndroidManifest.xml:162:9
	android:name
		ADDED from AndroidManifest.xml:162:19
activity#io.card.payment.CardIOActivity
ADDED from AndroidManifest.xml:164:9
	android:screenOrientation
		ADDED from AndroidManifest.xml:167:13
	android:configChanges
		ADDED from AndroidManifest.xml:166:13
	android:name
		ADDED from AndroidManifest.xml:165:13
activity#io.card.payment.DataEntryActivity
ADDED from AndroidManifest.xml:169:9
	android:screenOrientation
		ADDED from AndroidManifest.xml:170:19
	android:name
		ADDED from AndroidManifest.xml:169:19
activity#com.italkyou.gui.menu.RedireccionarAnexoActivity
ADDED from AndroidManifest.xml:172:9
	android:screenOrientation
		ADDED from AndroidManifest.xml:175:13
	android:configChanges
		ADDED from AndroidManifest.xml:174:13
	android:name
		ADDED from AndroidManifest.xml:173:13
activity#com.italkyou.gui.VistaPrincipalActivity
ADDED from AndroidManifest.xml:178:9
	android:screenOrientation
		ADDED from AndroidManifest.xml:181:13
	android:configChanges
		ADDED from AndroidManifest.xml:180:13
	android:theme
		ADDED from AndroidManifest.xml:182:13
	android:name
		ADDED from AndroidManifest.xml:179:13
activity#com.italkyou.gui.llamada.HistorialLlamadasActivity
ADDED from AndroidManifest.xml:185:9
	android:screenOrientation
		ADDED from AndroidManifest.xml:186:19
	android:name
		ADDED from AndroidManifest.xml:185:19
activity#com.italkyou.gui.menu.AgendarSMSActivity
ADDED from AndroidManifest.xml:189:9
	android:screenOrientation
		ADDED from AndroidManifest.xml:191:13
	android:label
		ADDED from AndroidManifest.xml:192:13
	android:name
		ADDED from AndroidManifest.xml:190:13
activity#com.italkyou.gui.chat.ChatMensajeActivity
ADDED from AndroidManifest.xml:195:9
	android:screenOrientation
		ADDED from AndroidManifest.xml:196:19
	android:name
		ADDED from AndroidManifest.xml:195:19
activity#com.italkyou.gui.chat.VisualizarImagenActivity
ADDED from AndroidManifest.xml:199:9
	android:screenOrientation
		ADDED from AndroidManifest.xml:201:13
	android:name
		ADDED from AndroidManifest.xml:200:13
service#com.parse.PushService
ADDED from AndroidManifest.xml:204:9
	android:name
		ADDED from AndroidManifest.xml:204:18
receiver#com.parse.ParseBroadcastReceiver
ADDED from AndroidManifest.xml:206:9
	android:name
		ADDED from AndroidManifest.xml:206:19
intent-filter#android.intent.action.BOOT_COMPLETED+android.intent.action.USER_PRESENT
ADDED from AndroidManifest.xml:207:13
action#android.intent.action.BOOT_COMPLETED
ADDED from AndroidManifest.xml:208:17
	android:name
		ADDED from AndroidManifest.xml:208:25
action#android.intent.action.USER_PRESENT
ADDED from AndroidManifest.xml:209:17
	android:name
		ADDED from AndroidManifest.xml:209:25
receiver#com.parse.GcmBroadcastReceiver
ADDED from AndroidManifest.xml:213:9
	android:permission
		ADDED from AndroidManifest.xml:215:13
	android:name
		ADDED from AndroidManifest.xml:214:13
intent-filter#com.google.android.c2dm.intent.RECEIVE+com.google.android.c2dm.intent.REGISTRATION+com.italkyou.gui
ADDED from AndroidManifest.xml:216:13
action#com.google.android.c2dm.intent.RECEIVE
ADDED from AndroidManifest.xml:217:17
	android:name
		ADDED from AndroidManifest.xml:217:25
action#com.google.android.c2dm.intent.REGISTRATION
ADDED from AndroidManifest.xml:218:17
	android:name
		ADDED from AndroidManifest.xml:218:25
category#com.italkyou.gui
ADDED from AndroidManifest.xml:220:17
	android:name
		ADDED from AndroidManifest.xml:220:27
receiver#com.italkyou.receivers.NotificadorEventos
ADDED from AndroidManifest.xml:224:9
	android:name
		ADDED from AndroidManifest.xml:224:19
intent-filter#com.iTalkYou.INCOMING_CALL+com.iTalkYou.UPDATE_STATUS
ADDED from AndroidManifest.xml:225:13
action#com.iTalkYou.UPDATE_STATUS
ADDED from AndroidManifest.xml:226:17
	android:name
		ADDED from AndroidManifest.xml:226:25
action#com.iTalkYou.INCOMING_CALL
ADDED from AndroidManifest.xml:227:17
	android:name
		ADDED from AndroidManifest.xml:227:25
receiver#com.italkyou.sip.CallStatusReceiver
ADDED from AndroidManifest.xml:232:3
	android:label
		ADDED from AndroidManifest.xml:232:66
	android:name
		ADDED from AndroidManifest.xml:232:13
intent-filter#android.SipDemo.INCOMING_CALL
ADDED from AndroidManifest.xml:233:4
action#android.SipDemo.INCOMING_CALL
ADDED from AndroidManifest.xml:234:17
	android:name
		ADDED from AndroidManifest.xml:234:25
receiver#com.italkyou.controladores.IniciarAppItk
ADDED from AndroidManifest.xml:239:3
	android:label
		ADDED from AndroidManifest.xml:239:69
	android:name
		ADDED from AndroidManifest.xml:239:13
intent-filter#android.intent.action.BOOT_COMPLETED
ADDED from AndroidManifest.xml:240:4